<?xml version="1.0" encoding="UTF-8"?>
<!-- Generated by org.testng.reporters.JUnitReportReporter -->
<testsuite hostname="EPCNSZXW0125" name="test.cal.PositiveTestCase" tests="6" failures="0" timestamp="15 Mar 2016 02:41:10 GMT" time="6.090" errors="0">
  <testcase name="plusDouble" time="1.002" classname="test.cal.PositiveTestCase"/>
  <testcase name="subLong" time="1.034" classname="test.cal.PositiveTestCase"/>
  <testcase name="plusLong" time="1.040" classname="test.cal.PositiveTestCase"/>
  <testcase name="plusDouble" time="1.002" classname="test.cal.PositiveTestCase"/>
  <testcase name="plusDouble" time="1.000" classname="test.cal.PositiveTestCase"/>
  <testcase name="plusDouble" time="1.012" classname="test.cal.PositiveTestCase"/>
</testsuite> <!-- test.cal.PositiveTestCase -->
